#
# An unexpected error has been detected by HotSpot Virtual Machine:
#
#  EXCEPTION_ACCESS_VIOLATION (0xc0000005) at pc=0x6d7bfaa4, pid=1216, tid=2368
#
# Java VM: Java HotSpot(TM) Client VM (1.5.0_07-b03 mixed mode, sharing)
# Problematic frame:
# V  [jvm.dll+0x8faa4]
#

---------------  T H R E A D  ---------------

Current thread (0x02e33d50):  JavaThread "Thread-3" [_thread_in_vm, id=2368]

siginfo: ExceptionCode=0xc0000005, reading address 0x00000000

Registers:
EAX=0x00000000, EBX=0x00000000, ECX=0x00000000, EDX=0x0343ec22
ESP=0x0356f96c, EBP=0x0356f974, ESI=0x02e33d50, EDI=0x00000000
EIP=0x6d7bfaa4, EFLAGS=0x00010206

Top of Stack: (sp=0x0356f96c)
0x0356f96c:   00000000 02e33e10 00000000 032236ec
0x0356f97c:   02e33d50 00000000 00000000 00000006
0x0356f98c:   0343ec22 0343ec1c 0356f9cc 0356f9f4
0x0356f99c:   02e8b7f0 03222019 0343ec1c 00000001
0x0356f9ac:   02e33e10 26a98a50 00000026 00000800
0x0356f9bc:   03243f24 0343ec1c 00000011 00000001
0x0356f9cc:   0356fa08 03221a2f 453de63e 000b1ee3
0x0356f9dc:   00000048 00000048 0356f9f4 02e33d50 

Instructions: (pc=0x6d7bfaa4)
0x6d7bfa94:   75 08 e8 c0 1d fb ff 8b 45 0c 8b 4d 10 83 c4 0c
0x6d7bfaa4:   8b 38 85 c9 7c 46 8b 45 14 85 c0 7c 3f 03 c8 3b 


Stack: [0x03530000,0x03570000),  sp=0x0356f96c,  free space=254k
Native frames: (J=compiled Java code, j=interpreted, Vv=VM code, C=native code)
V  [jvm.dll+0x8faa4]

Java frames: (J=compiled Java code, j=interpreted, Vv=VM code)
j  jpcap.JpcapCaptor.getPacket()Ljpcap/packet/Packet;+0
j  WoWsetta.wowCapThread.run()V+34
j  java.lang.Thread.run()V+11
v  ~StubRoutines::call_stub

---------------  P R O C E S S  ---------------

Java Threads: ( => current thread )
=>0x02e33d50 JavaThread "Thread-3" [_thread_in_vm, id=2368]
  0x02e788e8 JavaThread "TimerQueue" daemon [_thread_blocked, id=1484]
  0x00036dd8 JavaThread "DestroyJavaVM" [_thread_blocked, id=452]
  0x02e126c8 JavaThread "AWT-EventQueue-0" [_thread_blocked, id=940]
  0x00aca518 JavaThread "AWT-Windows" daemon [_thread_in_native, id=3008]
  0x00aca098 JavaThread "AWT-Shutdown" [_thread_blocked, id=2036]
  0x00ac8f00 JavaThread "Java2D Disposer" daemon [_thread_blocked, id=2980]
  0x00a6f3f0 JavaThread "Low Memory Detector" daemon [_thread_blocked, id=2540]
  0x00a6dfc0 JavaThread "CompilerThread0" daemon [_thread_blocked, id=3144]
  0x00a6d260 JavaThread "Signal Dispatcher" daemon [_thread_blocked, id=1116]
  0x00a41dc8 JavaThread "Finalizer" daemon [_thread_blocked, id=1740]
  0x00a408e0 JavaThread "Reference Handler" daemon [_thread_blocked, id=1420]

Other Threads:
  0x00a3dfe8 VMThread [id=1628]
  0x00a70640 WatcherThread [id=204]

VM state:not at safepoint (normal execution)

VM Mutex/Monitor currently owned by a thread: None

Heap
 def new generation   total 576K, used 65K [0x22a70000, 0x22b10000, 0x22f50000)
  eden space 512K,   7% used [0x22a70000, 0x22a797c8, 0x22af0000)
  from space 64K,  43% used [0x22af0000, 0x22af6eb8, 0x22b00000)
  to   space 64K,   0% used [0x22b00000, 0x22b00000, 0x22b10000)
 tenured generation   total 1408K, used 1284K [0x22f50000, 0x230b0000, 0x26a70000)
   the space 1408K,  91% used [0x22f50000, 0x23091258, 0x23091400, 0x230b0000)
 compacting perm gen  total 8192K, used 211K [0x26a70000, 0x27270000, 0x2aa70000)
   the space 8192K,   2% used [0x26a70000, 0x26aa4e40, 0x26aa5000, 0x27270000)
    ro space 8192K,  67% used [0x2aa70000, 0x2afcd9f8, 0x2afcda00, 0x2b270000)
    rw space 12288K,  46% used [0x2b270000, 0x2b813808, 0x2b813a00, 0x2be70000)

Dynamic libraries:
0x00400000 - 0x0040d000 	C:\Program Files\Java\jdk1.5.0_07\jre\bin\java.exe
0x7c900000 - 0x7c9b0000 	C:\WINDOWS\system32\ntdll.dll
0x7c800000 - 0x7c8f4000 	C:\WINDOWS\system32\kernel32.dll
0x77dd0000 - 0x77e6b000 	C:\WINDOWS\system32\ADVAPI32.dll
0x77e70000 - 0x77f01000 	C:\WINDOWS\system32\RPCRT4.dll
0x77c10000 - 0x77c68000 	C:\WINDOWS\system32\MSVCRT.dll
0x6d730000 - 0x6d8c7000 	C:\Program Files\Java\jdk1.5.0_07\jre\bin\client\jvm.dll
0x77d40000 - 0x77dd0000 	C:\WINDOWS\system32\USER32.dll
0x77f10000 - 0x77f56000 	C:\WINDOWS\system32\GDI32.dll
0x76b40000 - 0x76b6d000 	C:\WINDOWS\system32\WINMM.dll
0x6d2f0000 - 0x6d2f8000 	C:\Program Files\Java\jdk1.5.0_07\jre\bin\hpi.dll
0x76bf0000 - 0x76bfb000 	C:\WINDOWS\system32\PSAPI.DLL
0x6d700000 - 0x6d70c000 	C:\Program Files\Java\jdk1.5.0_07\jre\bin\verify.dll
0x6d370000 - 0x6d38d000 	C:\Program Files\Java\jdk1.5.0_07\jre\bin\java.dll
0x6d720000 - 0x6d72f000 	C:\Program Files\Java\jdk1.5.0_07\jre\bin\zip.dll
0x6d070000 - 0x6d1d7000 	C:\Program Files\Java\jdk1.5.0_07\jre\bin\awt.dll
0x73000000 - 0x73026000 	C:\WINDOWS\system32\WINSPOOL.DRV
0x76390000 - 0x763ad000 	C:\WINDOWS\system32\IMM32.dll
0x774e0000 - 0x7761d000 	C:\WINDOWS\system32\ole32.dll
0x5ad70000 - 0x5ada8000 	C:\WINDOWS\system32\uxtheme.dll
0x73760000 - 0x737a9000 	C:\WINDOWS\system32\ddraw.dll
0x73bc0000 - 0x73bc6000 	C:\WINDOWS\system32\DCIMAN32.dll
0x73940000 - 0x73a10000 	C:\WINDOWS\system32\D3DIM700.DLL
0x6d2b0000 - 0x6d2ef000 	C:\Program Files\Java\jdk1.5.0_07\jre\bin\fontmanager.dll
0x74720000 - 0x7476b000 	C:\WINDOWS\system32\MSCTF.dll
0x10000000 - 0x1002e000 	C:\Program Files\DigitalPersona\Bin\DpOFeedb.dll
0x7c9c0000 - 0x7d351000 	C:\WINDOWS\system32\shell32.dll
0x77f60000 - 0x77fd6000 	C:\WINDOWS\system32\SHLWAPI.dll
0x773d0000 - 0x774d2000 	C:\WINDOWS\WinSxS\x86_Microsoft.Windows.Common-Controls_6595b64144ccf1df_6.0.2600.2180_x-ww_a84f1ff9\comctl32.dll
0x5d090000 - 0x5d127000 	C:\WINDOWS\system32\comctl32.dll
0x6d530000 - 0x6d543000 	C:\Program Files\Java\jdk1.5.0_07\jre\bin\net.dll
0x71ab0000 - 0x71ac7000 	C:\WINDOWS\system32\WS2_32.dll
0x71aa0000 - 0x71aa8000 	C:\WINDOWS\system32\WS2HELP.dll
0x71a50000 - 0x71a8f000 	C:\WINDOWS\system32\mswsock.dll
0x662b0000 - 0x66308000 	C:\WINDOWS\system32\hnetcfg.dll
0x58d40000 - 0x58d47000 	C:\WINDOWS\System32\wship6.dll
0x6d550000 - 0x6d559000 	C:\Program Files\Java\jdk1.5.0_07\jre\bin\nio.dll
0x03220000 - 0x03247000 	C:\WINDOWS\system32\Jpcap.dll
0x03250000 - 0x03291000 	C:\WINDOWS\system32\wpcap.dll
0x032a0000 - 0x032b5000 	C:\WINDOWS\system32\packet.dll
0x032c0000 - 0x032d0000 	C:\WINDOWS\system32\WanPacket.dll
0x610f0000 - 0x61101000 	C:\WINDOWS\system32\NPPTools.dll
0x72830000 - 0x7292e000 	C:\WINDOWS\system32\MFC42u.DLL
0x77120000 - 0x771ac000 	C:\WINDOWS\system32\OLEAUT32.dll
0x76d60000 - 0x76d79000 	C:\WINDOWS\system32\iphlpapi.dll
0x77c00000 - 0x77c08000 	C:\WINDOWS\system32\VERSION.dll
0x5a700000 - 0x5a711000 	C:\WINDOWS\system32\npp\ndisnpp.dll
0x76fd0000 - 0x7704f000 	C:\WINDOWS\system32\CLBCATQ.DLL
0x77050000 - 0x77115000 	C:\WINDOWS\system32\COMRes.dll
0x20000000 - 0x202d5000 	C:\WINDOWS\system32\xpsp2res.dll
0x77fe0000 - 0x77ff1000 	C:\WINDOWS\system32\Secur32.dll

VM Arguments:
java_command: WoWsetta.Main
Launcher Type: SUN_STANDARD

Environment Variables:
CLASSPATH=C:\Program Files\Java\jre1.5.0_04\lib\ext\QTJava.zip
PATH=C:\Program Files\Maya7.0\bin;C:\WINDOWS\system32;C:\WINDOWS;C:\WINDOWS\System32\Wbem;C:\Program Files\Common Files\Adobe\AGL;C:\Program Files\QuickTime\QTSystem\;C:\Science\MATLAB\bin\win32;C:\WINDOWS\DPDrv;C:\Program Files\Microsoft Visual Studio\Common\Tools\WinNT;C:\Program Files\Microsoft Visual Studio\Common\MSDev98\Bin;C:\Program Files\Microsoft Visual Studio\Common\Tools;C:\Program Files\Microsoft Visual Studio\VC98\bin
USERNAME=Administrator
OS=Windows_NT
PROCESSOR_IDENTIFIER=x86 Family 6 Model 10 Stepping 0, AuthenticAMD



---------------  S Y S T E M  ---------------

OS: Windows XP Build 2600 Service Pack 2

CPU:total 1 family 6, cmov, cx8, fxsr, mmx, sse

Memory: 4k page, physical 1048048k(532216k free), swap 2521224k(1985748k free)

vm_info: Java HotSpot(TM) Client VM (1.5.0_07-b03) for windows-x86, built on May  3 2006 01:04:38 by "java_re" with MS VC++ 6.0

