#
# An unexpected error has been detected by HotSpot Virtual Machine:
#
#  EXCEPTION_ACCESS_VIOLATION (0xc0000005) at pc=0x6d7cbaff, pid=224, tid=4060
#
# Java VM: Java HotSpot(TM) Client VM (1.5.0_07-b03 mixed mode, sharing)
# Problematic frame:
# V  [jvm.dll+0x9baff]
#

---------------  T H R E A D  ---------------

Current thread (0x02e44d80):  JavaThread "AWT-EventQueue-0" [_thread_in_vm, id=4060]

siginfo: ExceptionCode=0xc0000005, reading address 0x00000000

Registers:
EAX=0x00000000, EBX=0x00ac2224, ECX=0x0307f618, EDX=0x6d7bd257
ESP=0x0307f5f8, EBP=0x0307f644, ESI=0x0307f618, EDI=0x6d881570
EIP=0x6d7cbaff, EFLAGS=0x00010246

Top of Stack: (sp=0x0307f5f8)
0x0307f5f8:   6d7ba444 00000000 02e44d80 6d7bd28a
0x0307f608:   02e44d80 00000000 0307f658 02e44e40
0x0307f618:   00a406ac 6d7717df 02e44d80 0307f640
0x0307f628:   6d7ba903 02e44d80 00000006 0000000e
0x0307f638:   6d881570 02e44e40 000001b5 000001b5
0x0307f648:   03081e04 02e44e40 00a406ac 00000000
0x0307f658:   00000014 03271cd8 03163890 030ba63a
0x0307f668:   00ac2224 03271cd8 03271cec ffffffff 

Instructions: (pc=0x6d7cbaff)
0x6d7cbaef:   44 24 04 24 fc 8b 00 8b 00 c3 8b 44 24 04 24 fc
0x6d7cbaff:   8b 00 ff 74 24 04 8b c8 e8 93 fe ff ff c3 8b 44 


Stack: [0x03040000,0x03080000),  sp=0x0307f5f8,  free space=253k
Native frames: (J=compiled Java code, j=interpreted, Vv=VM code, C=native code)
V  [jvm.dll+0x9baff]

Java frames: (J=compiled Java code, j=interpreted, Vv=VM code)
j  jpcap.JpcapCaptor.loopPacket(ILjpcap/PacketReceiver;)I+0
j  WoWsetta.MainPanel$ButtonActionStep.actionPerformed(Ljava/awt/event/ActionEvent;)V+80
j  javax.swing.AbstractButton.fireActionPerformed(Ljava/awt/event/ActionEvent;)V+84
j  javax.swing.AbstractButton$Handler.actionPerformed(Ljava/awt/event/ActionEvent;)V+5
j  javax.swing.DefaultButtonModel.fireActionPerformed(Ljava/awt/event/ActionEvent;)V+35
j  javax.swing.DefaultButtonModel.setPressed(Z)V+117
j  javax.swing.plaf.basic.BasicButtonListener.mouseReleased(Ljava/awt/event/MouseEvent;)V+35
j  java.awt.Component.processMouseEvent(Ljava/awt/event/MouseEvent;)V+64
j  javax.swing.JComponent.processMouseEvent(Ljava/awt/event/MouseEvent;)V+23
j  java.awt.Component.processEvent(Ljava/awt/AWTEvent;)V+81
j  java.awt.Container.processEvent(Ljava/awt/AWTEvent;)V+18
j  java.awt.Component.dispatchEventImpl(Ljava/awt/AWTEvent;)V+477
j  java.awt.Container.dispatchEventImpl(Ljava/awt/AWTEvent;)V+42
j  java.awt.Component.dispatchEvent(Ljava/awt/AWTEvent;)V+2
j  java.awt.LightweightDispatcher.retargetMouseEvent(Ljava/awt/Component;ILjava/awt/event/MouseEvent;)V+304
j  java.awt.LightweightDispatcher.processMouseEvent(Ljava/awt/event/MouseEvent;)Z+139
j  java.awt.LightweightDispatcher.dispatchEvent(Ljava/awt/AWTEvent;)Z+50
j  java.awt.Container.dispatchEventImpl(Ljava/awt/AWTEvent;)V+12
j  java.awt.Window.dispatchEventImpl(Ljava/awt/AWTEvent;)V+19
j  java.awt.Component.dispatchEvent(Ljava/awt/AWTEvent;)V+2
j  java.awt.EventQueue.dispatchEvent(Ljava/awt/AWTEvent;)V+46
j  java.awt.EventDispatchThread.pumpOneEventForHierarchy(ILjava/awt/Component;)Z+233
j  java.awt.EventDispatchThread.pumpEventsForHierarchy(ILjava/awt/Conditional;Ljava/awt/Component;)V+26
j  java.awt.EventDispatchThread.pumpEvents(ILjava/awt/Conditional;)V+4
j  java.awt.EventDispatchThread.pumpEvents(Ljava/awt/Conditional;)V+3
j  java.awt.EventDispatchThread.run()V+9
v  ~StubRoutines::call_stub

---------------  P R O C E S S  ---------------

Java Threads: ( => current thread )
  0x02eb0f80 JavaThread "TimerQueue" daemon [_thread_blocked, id=3060]
  0x00036dd8 JavaThread "DestroyJavaVM" [_thread_blocked, id=3836]
=>0x02e44d80 JavaThread "AWT-EventQueue-0" [_thread_in_vm, id=4060]
  0x00aca508 JavaThread "AWT-Windows" daemon [_thread_in_native, id=1180]
  0x00aca088 JavaThread "AWT-Shutdown" [_thread_blocked, id=3552]
  0x00ac8ef0 JavaThread "Java2D Disposer" daemon [_thread_blocked, id=4080]
  0x00a6f3e8 JavaThread "Low Memory Detector" daemon [_thread_blocked, id=768]
  0x00a6dfb8 JavaThread "CompilerThread0" daemon [_thread_blocked, id=352]
  0x00a6d258 JavaThread "Signal Dispatcher" daemon [_thread_blocked, id=3008]
  0x00a41dc8 JavaThread "Finalizer" daemon [_thread_blocked, id=2380]
  0x00a408e0 JavaThread "Reference Handler" daemon [_thread_blocked, id=3832]

Other Threads:
  0x00a3dfe8 VMThread [id=3708]
  0x00a70638 WatcherThread [id=1704]

VM state:not at safepoint (normal execution)

VM Mutex/Monitor currently owned by a thread: None

Heap
 def new generation   total 576K, used 518K [0x22a70000, 0x22b10000, 0x22f50000)
  eden space 512K,  88% used [0x22a70000, 0x22ae1b38, 0x22af0000)
  from space 64K, 100% used [0x22af0000, 0x22b00000, 0x22b00000)
  to   space 64K,   0% used [0x22b00000, 0x22b00000, 0x22b10000)
 tenured generation   total 1408K, used 359K [0x22f50000, 0x230b0000, 0x26a70000)
   the space 1408K,  25% used [0x22f50000, 0x22fa9f58, 0x22faa000, 0x230b0000)
 compacting perm gen  total 8192K, used 205K [0x26a70000, 0x27270000, 0x2aa70000)
   the space 8192K,   2% used [0x26a70000, 0x26aa3780, 0x26aa3800, 0x27270000)
    ro space 8192K,  67% used [0x2aa70000, 0x2afcd9f8, 0x2afcda00, 0x2b270000)
    rw space 12288K,  46% used [0x2b270000, 0x2b813808, 0x2b813a00, 0x2be70000)

Dynamic libraries:
0x00400000 - 0x0040d000 	C:\Program Files\Java\jdk1.5.0_07\jre\bin\java.exe
0x7c900000 - 0x7c9b0000 	C:\WINDOWS\system32\ntdll.dll
0x7c800000 - 0x7c8f4000 	C:\WINDOWS\system32\kernel32.dll
0x77dd0000 - 0x77e6b000 	C:\WINDOWS\system32\ADVAPI32.dll
0x77e70000 - 0x77f01000 	C:\WINDOWS\system32\RPCRT4.dll
0x77c10000 - 0x77c68000 	C:\WINDOWS\system32\MSVCRT.dll
0x6d730000 - 0x6d8c7000 	C:\Program Files\Java\jdk1.5.0_07\jre\bin\client\jvm.dll
0x77d40000 - 0x77dd0000 	C:\WINDOWS\system32\USER32.dll
0x77f10000 - 0x77f56000 	C:\WINDOWS\system32\GDI32.dll
0x76b40000 - 0x76b6d000 	C:\WINDOWS\system32\WINMM.dll
0x6d2f0000 - 0x6d2f8000 	C:\Program Files\Java\jdk1.5.0_07\jre\bin\hpi.dll
0x76bf0000 - 0x76bfb000 	C:\WINDOWS\system32\PSAPI.DLL
0x6d700000 - 0x6d70c000 	C:\Program Files\Java\jdk1.5.0_07\jre\bin\verify.dll
0x6d370000 - 0x6d38d000 	C:\Program Files\Java\jdk1.5.0_07\jre\bin\java.dll
0x6d720000 - 0x6d72f000 	C:\Program Files\Java\jdk1.5.0_07\jre\bin\zip.dll
0x6d070000 - 0x6d1d7000 	C:\Program Files\Java\jdk1.5.0_07\jre\bin\awt.dll
0x73000000 - 0x73026000 	C:\WINDOWS\system32\WINSPOOL.DRV
0x76390000 - 0x763ad000 	C:\WINDOWS\system32\IMM32.dll
0x774e0000 - 0x7761d000 	C:\WINDOWS\system32\ole32.dll
0x5ad70000 - 0x5ada8000 	C:\WINDOWS\system32\uxtheme.dll
0x73760000 - 0x737a9000 	C:\WINDOWS\system32\ddraw.dll
0x73bc0000 - 0x73bc6000 	C:\WINDOWS\system32\DCIMAN32.dll
0x73940000 - 0x73a10000 	C:\WINDOWS\system32\D3DIM700.DLL
0x6d2b0000 - 0x6d2ef000 	C:\Program Files\Java\jdk1.5.0_07\jre\bin\fontmanager.dll
0x10000000 - 0x10007000 	C:\Program Files\Logitech\MouseWare\System\LgWndHk.dll
0x74720000 - 0x7476b000 	C:\WINDOWS\system32\MSCTF.dll
0x02de0000 - 0x02e0e000 	C:\Program Files\DigitalPersona\Bin\DpOFeedb.dll
0x7c9c0000 - 0x7d351000 	C:\WINDOWS\system32\shell32.dll
0x77f60000 - 0x77fd6000 	C:\WINDOWS\system32\SHLWAPI.dll
0x773d0000 - 0x774d2000 	C:\WINDOWS\WinSxS\x86_Microsoft.Windows.Common-Controls_6595b64144ccf1df_6.0.2600.2180_x-ww_a84f1ff9\comctl32.dll
0x5d090000 - 0x5d127000 	C:\WINDOWS\system32\comctl32.dll
0x03080000 - 0x030a7000 	C:\WINDOWS\system32\Jpcap.dll
0x71ab0000 - 0x71ac7000 	C:\WINDOWS\system32\WS2_32.dll
0x71aa0000 - 0x71aa8000 	C:\WINDOWS\system32\WS2HELP.dll
0x030b0000 - 0x030f1000 	C:\WINDOWS\system32\wpcap.dll
0x03100000 - 0x03115000 	C:\WINDOWS\system32\packet.dll
0x03120000 - 0x03130000 	C:\WINDOWS\system32\WanPacket.dll
0x610f0000 - 0x61101000 	C:\WINDOWS\system32\NPPTools.dll
0x72830000 - 0x7292e000 	C:\WINDOWS\system32\MFC42u.DLL
0x77120000 - 0x771ac000 	C:\WINDOWS\system32\OLEAUT32.dll
0x76d60000 - 0x76d79000 	C:\WINDOWS\system32\iphlpapi.dll
0x77c00000 - 0x77c08000 	C:\WINDOWS\system32\VERSION.dll
0x5a700000 - 0x5a711000 	C:\WINDOWS\system32\npp\ndisnpp.dll
0x71a50000 - 0x71a8f000 	C:\WINDOWS\system32\mswsock.dll
0x662b0000 - 0x66308000 	C:\WINDOWS\system32\hnetcfg.dll
0x58d40000 - 0x58d47000 	C:\WINDOWS\System32\wship6.dll
0x76fd0000 - 0x7704f000 	C:\WINDOWS\system32\CLBCATQ.DLL
0x77050000 - 0x77115000 	C:\WINDOWS\system32\COMRes.dll
0x20000000 - 0x202d5000 	C:\WINDOWS\system32\xpsp2res.dll
0x03220000 - 0x0322b000 	C:\Program Files\Common Files\Logitech\Scrolling\LgMsgHk.dll
0x76080000 - 0x760e5000 	C:\WINDOWS\system32\MSVCP60.dll
0x77fe0000 - 0x77ff1000 	C:\WINDOWS\system32\Secur32.dll
0x6d530000 - 0x6d543000 	C:\Program Files\Java\jdk1.5.0_07\jre\bin\net.dll
0x6d550000 - 0x6d559000 	C:\Program Files\Java\jdk1.5.0_07\jre\bin\nio.dll

VM Arguments:
java_command: WoWsetta.Main
Launcher Type: SUN_STANDARD

Environment Variables:
CLASSPATH=C:\Program Files\Java\jre1.5.0_04\lib\ext\QTJava.zip
PATH=C:\Program Files\Maya7.0\bin;C:\WINDOWS\system32;C:\WINDOWS;C:\WINDOWS\System32\Wbem;C:\Program Files\Common Files\Adobe\AGL;C:\Program Files\QuickTime\QTSystem\;C:\Science\MATLAB\bin\win32;C:\WINDOWS\DPDrv;C:\Program Files\Microsoft Visual Studio\Common\Tools\WinNT;C:\Program Files\Microsoft Visual Studio\Common\MSDev98\Bin;C:\Program Files\Microsoft Visual Studio\Common\Tools;C:\Program Files\Microsoft Visual Studio\VC98\bin
USERNAME=Administrator
OS=Windows_NT
PROCESSOR_IDENTIFIER=x86 Family 6 Model 10 Stepping 0, AuthenticAMD



---------------  S Y S T E M  ---------------

OS: Windows XP Build 2600 Service Pack 2

CPU:total 1 family 6, cmov, cx8, fxsr, mmx, sse

Memory: 4k page, physical 1048048k(327372k free), swap 2521224k(2021332k free)

vm_info: Java HotSpot(TM) Client VM (1.5.0_07-b03) for windows-x86, built on May  3 2006 01:04:38 by "java_re" with MS VC++ 6.0

