#
# An unexpected error has been detected by HotSpot Virtual Machine:
#
#  EXCEPTION_ACCESS_VIOLATION (0xc0000005) at pc=0x032e83b4, pid=2156, tid=2624
#
# Java VM: Java HotSpot(TM) Client VM (1.5.0_09-b03 mixed mode, sharing)
# Problematic frame:
# C  [wpcap.dll+0x83b4]
#

---------------  T H R E A D  ---------------

Current thread (0x02ebb1d8):  JavaThread "Thread-2" [_thread_in_native, id=2624]

siginfo: ExceptionCode=0xc0000005, reading address 0x00000094

Registers:
EAX=0x00000000, EBX=0x26a991a8, ECX=0x032e8480, EDX=0x00000001
ESP=0x0377fc38, EBP=0x0377fc90, ESI=0x02ebb298, EDI=0x00000001
EIP=0x032e83b4, EFLAGS=0x00010216

Top of Stack: (sp=0x0377fc38)
0x0377fc38:   00000000 00000001 032e8480 0377fc5c
0x0377fc48:   032e8461 00000000 00000001 032e8480
0x0377fc58:   0377fc5c 0377fc80 032b19d7 032b19eb
0x0377fc68:   00000000 0377fc80 02ebb1d8 26a991a8
0x0377fc78:   000304d0 000000a0 00001596 00030000
0x0377fc88:   0377fa80 00000098 0377fcbc 00ad832f
0x0377fc98:   02ebb298 0377fccc 0377fca0 00000000
0x0377fca8:   0377fccc 26a99df8 00000000 26a991a8 

Instructions: (pc=0x032e83b4)
0x032e83a4:   8b 4c 24 0c 8b 54 24 08 50 8b 44 24 08 51 52 50
0x032e83b4:   ff 90 94 00 00 00 83 c4 10 c3 90 90 53 55 56 8b 


Stack: [0x03740000,0x03780000),  sp=0x0377fc38,  free space=255k
Native frames: (J=compiled Java code, j=interpreted, Vv=VM code, C=native code)
C  [wpcap.dll+0x83b4]
j  jpcap.JpcapCaptor.getPacket()Ljpcap/packet/Packet;+0
j  WoWsetta.wowCapThread.run()V+5
j  java.lang.Thread.run()V+11
v  ~StubRoutines::call_stub
V  [jvm.dll+0x86e84]
V  [jvm.dll+0xddead]
V  [jvm.dll+0x86d55]
V  [jvm.dll+0x86ab2]
V  [jvm.dll+0xa16b2]
V  [jvm.dll+0x10f4ac]
V  [jvm.dll+0x10f47a]
C  [MSVCRT.dll+0x2a3b0]
C  [kernel32.dll+0xb50b]

Java frames: (J=compiled Java code, j=interpreted, Vv=VM code)
j  jpcap.JpcapCaptor.getPacket()Ljpcap/packet/Packet;+0
j  WoWsetta.wowCapThread.run()V+5
j  java.lang.Thread.run()V+11
v  ~StubRoutines::call_stub

---------------  P R O C E S S  ---------------

Java Threads: ( => current thread )
  0x02e4ac48 JavaThread "Thread-1" daemon [_thread_in_native, id=4040]
=>0x02ebb1d8 JavaThread "Thread-2" [_thread_in_native, id=2624]
  0x02e979f8 JavaThread "TimerQueue" daemon [_thread_blocked, id=1468]
  0x00036e48 JavaThread "DestroyJavaVM" [_thread_blocked, id=2648]
  0x02e317c0 JavaThread "AWT-EventQueue-0" [_thread_blocked, id=1300]
  0x00ac98b8 JavaThread "AWT-Shutdown" [_thread_blocked, id=3548]
  0x00ac88c0 JavaThread "Java2D Disposer" daemon [_thread_blocked, id=3520]
  0x00a71648 JavaThread "Low Memory Detector" daemon [_thread_blocked, id=2864]
  0x00a70230 JavaThread "CompilerThread0" daemon [_thread_blocked, id=3336]
  0x00a6f520 JavaThread "Signal Dispatcher" daemon [_thread_blocked, id=3252]
  0x0003f398 JavaThread "Finalizer" daemon [_thread_blocked, id=2848]
  0x0003e008 JavaThread "Reference Handler" daemon [_thread_blocked, id=2560]

Other Threads:
  0x00a405d8 VMThread [id=2424]
  0x00a72898 WatcherThread [id=2128]

VM state:not at safepoint (normal execution)

VM Mutex/Monitor currently owned by a thread: None

Heap
 def new generation   total 576K, used 163K [0x22a70000, 0x22b10000, 0x22f50000)
  eden space 512K,  19% used [0x22a70000, 0x22a88d98, 0x22af0000)
  from space 64K, 100% used [0x22b00000, 0x22b10000, 0x22b10000)
  to   space 64K,   0% used [0x22af0000, 0x22af0000, 0x22b00000)
 tenured generation   total 1408K, used 477K [0x22f50000, 0x230b0000, 0x26a70000)
   the space 1408K,  33% used [0x22f50000, 0x22fc75e0, 0x22fc7600, 0x230b0000)
 compacting perm gen  total 8192K, used 289K [0x26a70000, 0x27270000, 0x2aa70000)
   the space 8192K,   3% used [0x26a70000, 0x26ab84d8, 0x26ab8600, 0x27270000)
    ro space 8192K,  67% used [0x2aa70000, 0x2afce5d8, 0x2afce600, 0x2b270000)
    rw space 12288K,  47% used [0x2b270000, 0x2b8187f0, 0x2b818800, 0x2be70000)

Dynamic libraries:
0x00400000 - 0x0040d000 	C:\Program Files\Java\jdk1.5.0_09\jre\bin\java.exe
0x7c900000 - 0x7c9b0000 	C:\WINDOWS\system32\ntdll.dll
0x7c800000 - 0x7c8f4000 	C:\WINDOWS\system32\kernel32.dll
0x77dd0000 - 0x77e6b000 	C:\WINDOWS\system32\ADVAPI32.dll
0x77e70000 - 0x77f01000 	C:\WINDOWS\system32\RPCRT4.dll
0x77c10000 - 0x77c68000 	C:\WINDOWS\system32\MSVCRT.dll
0x6d730000 - 0x6d8cb000 	C:\Program Files\Java\jdk1.5.0_09\jre\bin\client\jvm.dll
0x77d40000 - 0x77dd0000 	C:\WINDOWS\system32\USER32.dll
0x77f10000 - 0x77f56000 	C:\WINDOWS\system32\GDI32.dll
0x76b40000 - 0x76b6d000 	C:\WINDOWS\system32\WINMM.dll
0x6d2f0000 - 0x6d2f8000 	C:\Program Files\Java\jdk1.5.0_09\jre\bin\hpi.dll
0x76bf0000 - 0x76bfb000 	C:\WINDOWS\system32\PSAPI.DLL
0x6d700000 - 0x6d70c000 	C:\Program Files\Java\jdk1.5.0_09\jre\bin\verify.dll
0x6d370000 - 0x6d38d000 	C:\Program Files\Java\jdk1.5.0_09\jre\bin\java.dll
0x6d720000 - 0x6d72f000 	C:\Program Files\Java\jdk1.5.0_09\jre\bin\zip.dll
0x6d070000 - 0x6d1d9000 	C:\Program Files\Java\jdk1.5.0_09\jre\bin\awt.dll
0x73000000 - 0x73026000 	C:\WINDOWS\system32\WINSPOOL.DRV
0x76390000 - 0x763ad000 	C:\WINDOWS\system32\IMM32.dll
0x774e0000 - 0x7761d000 	C:\WINDOWS\system32\ole32.dll
0x5ad70000 - 0x5ada8000 	C:\WINDOWS\system32\uxtheme.dll
0x73760000 - 0x737a9000 	C:\WINDOWS\system32\ddraw.dll
0x73bc0000 - 0x73bc6000 	C:\WINDOWS\system32\DCIMAN32.dll
0x6d2b0000 - 0x6d2ef000 	C:\Program Files\Java\jdk1.5.0_09\jre\bin\fontmanager.dll
0x10000000 - 0x10005000 	C:\Program Files\ObjectDock\DockShellHook.dll
0x02d70000 - 0x02d77000 	C:\Program Files\Logitech\MouseWare\System\LgWndHk.dll
0x74720000 - 0x7476b000 	C:\WINDOWS\system32\MSCTF.dll
0x02dd0000 - 0x02dfe000 	C:\Program Files\DigitalPersona\Bin\DpOFeedb.dll
0x7c9c0000 - 0x7d351000 	C:\WINDOWS\system32\shell32.dll
0x77f60000 - 0x77fd6000 	C:\WINDOWS\system32\SHLWAPI.dll
0x773d0000 - 0x774d2000 	C:\WINDOWS\WinSxS\x86_Microsoft.Windows.Common-Controls_6595b64144ccf1df_6.0.2600.2180_x-ww_a84f1ff9\comctl32.dll
0x5d090000 - 0x5d127000 	C:\WINDOWS\system32\comctl32.dll
0x6d530000 - 0x6d543000 	C:\Program Files\Java\jdk1.5.0_09\jre\bin\net.dll
0x71ab0000 - 0x71ac7000 	C:\WINDOWS\system32\WS2_32.dll
0x71aa0000 - 0x71aa8000 	C:\WINDOWS\system32\WS2HELP.dll
0x71a50000 - 0x71a8f000 	C:\WINDOWS\system32\mswsock.dll
0x662b0000 - 0x66308000 	C:\WINDOWS\system32\hnetcfg.dll
0x58d40000 - 0x58d47000 	C:\WINDOWS\System32\wship6.dll
0x6d550000 - 0x6d559000 	C:\Program Files\Java\jdk1.5.0_09\jre\bin\nio.dll
0x03070000 - 0x0307b000 	C:\Program Files\Common Files\Logitech\Scrolling\LgMsgHk.dll
0x76080000 - 0x760e5000 	C:\WINDOWS\system32\MSVCP60.dll
0x032b0000 - 0x032d7000 	C:\WINDOWS\system32\Jpcap.dll
0x032e0000 - 0x03321000 	C:\WINDOWS\system32\wpcap.dll
0x03330000 - 0x03345000 	C:\WINDOWS\system32\packet.dll
0x03350000 - 0x03360000 	C:\WINDOWS\system32\WanPacket.dll
0x610f0000 - 0x61101000 	C:\WINDOWS\system32\NPPTools.dll
0x72830000 - 0x7292e000 	C:\WINDOWS\system32\MFC42u.DLL
0x77120000 - 0x771ac000 	C:\WINDOWS\system32\OLEAUT32.dll
0x76d60000 - 0x76d79000 	C:\WINDOWS\system32\iphlpapi.dll
0x77c00000 - 0x77c08000 	C:\WINDOWS\system32\VERSION.dll
0x5a700000 - 0x5a711000 	C:\WINDOWS\system32\npp\ndisnpp.dll
0x76fd0000 - 0x7704f000 	C:\WINDOWS\system32\CLBCATQ.DLL
0x77050000 - 0x77115000 	C:\WINDOWS\system32\COMRes.dll
0x20000000 - 0x202d5000 	C:\WINDOWS\system32\xpsp2res.dll
0x77fe0000 - 0x77ff1000 	C:\WINDOWS\system32\Secur32.dll
0x76f20000 - 0x76f47000 	C:\WINDOWS\system32\DNSAPI.dll
0x76fc0000 - 0x76fc6000 	C:\WINDOWS\system32\rasadhlp.dll
0x20b00000 - 0x20b45000 	C:\WINDOWS\system32\imon.dll
0x71ad0000 - 0x71ad9000 	C:\WINDOWS\system32\WSOCK32.dll
0x77690000 - 0x776b1000 	C:\WINDOWS\system32\NTMARTA.DLL
0x76f60000 - 0x76f8c000 	C:\WINDOWS\system32\WLDAP32.dll
0x71bf0000 - 0x71c03000 	C:\WINDOWS\system32\SAMLIB.dll
0x71a90000 - 0x71a98000 	C:\WINDOWS\System32\wshtcpip.dll

VM Arguments:
java_command: WoWsetta.Main
Launcher Type: SUN_STANDARD

Environment Variables:
CLASSPATH=C:\Program Files\Java\jre1.5.0_09\lib\ext\QTJava.zip
PATH=C:\Program Files\Maya7.0\bin;C:\WINDOWS\system32;C:\WINDOWS;C:\WINDOWS\System32\Wbem;C:\Program Files\Common Files\Adobe\AGL;C:\Program Files\QuickTime\QTSystem\;C:\Science\MATLAB\bin\win32;C:\WINDOWS\DPDrv;C:\Program Files\Microsoft Visual Studio\Common\Tools\WinNT;C:\Program Files\Microsoft Visual Studio\Common\MSDev98\Bin;C:\Program Files\Microsoft Visual Studio\Common\Tools;C:\Program Files\Microsoft Visual Studio\VC98\bin
USERNAME=Administrator
OS=Windows_NT
PROCESSOR_IDENTIFIER=x86 Family 6 Model 10 Stepping 0, AuthenticAMD



---------------  S Y S T E M  ---------------

OS: Windows XP Build 2600 Service Pack 2

CPU:total 1 (cores per cpu 1, threads per core 1) family 6 model 10 stepping 0, cmov, cx8, fxsr, mmx, sse, mmxext, 3dnowext, 3dnow

Memory: 4k page, physical 1048048k(442608k free), swap 2521224k(1805600k free)

vm_info: Java HotSpot(TM) Client VM (1.5.0_09-b03) for windows-x86, built on Oct 12 2006 01:20:10 by "java_re" with MS VC++ 6.0

