#
# An unexpected error has been detected by HotSpot Virtual Machine:
#
#  EXCEPTION_ACCESS_VIOLATION (0xc0000005) at pc=0x6d7c05a9, pid=876, tid=2384
#
# Java VM: Java HotSpot(TM) Client VM (1.5.0_09-b03 mixed mode, sharing)
# Problematic frame:
# V  [jvm.dll+0x905a9]
#

---------------  T H R E A D  ---------------

Current thread (0x02ebdbb8):  JavaThread "Thread-2" [_thread_in_vm, id=2384]

siginfo: ExceptionCode=0xc0000005, reading address 0x00000000

Registers:
EAX=0x00000000, EBX=0x00000000, ECX=0x00000000, EDX=0x034902aa
ESP=0x035cfbd4, EBP=0x035cfbdc, ESI=0x02ebdbb8, EDI=0x00000000
EIP=0x6d7c05a9, EFLAGS=0x00010216

Top of Stack: (sp=0x035cfbd4)
0x035cfbd4:   00000000 02ebdc78 00000000 032b36ec
0x035cfbe4:   02ebdbb8 00000000 00000000 00000006
0x035cfbf4:   034902aa 034902a4 035cfc34 035cfc5c
0x035cfc04:   02eadbd0 032b2019 034902a4 00000000
0x035cfc14:   02ebdc78 26a98d88 0000001a 00000800
0x035cfc24:   032d3f20 034902a4 00000006 00000001
0x035cfc34:   035cfc74 032b1a2f 454410cb 0009b7b2
0x035cfc44:   0000003c 0000003c 035cfc5c 02ebdbb8 

Instructions: (pc=0x6d7c05a9)
0x6d7c0599:   75 08 e8 e4 16 fb ff 8b 45 0c 8b 4d 10 83 c4 0c
0x6d7c05a9:   8b 38 85 c9 7c 46 8b 45 14 85 c0 7c 3f 03 c8 3b 


Stack: [0x03590000,0x035d0000),  sp=0x035cfbd4,  free space=254k
Native frames: (J=compiled Java code, j=interpreted, Vv=VM code, C=native code)
V  [jvm.dll+0x905a9]

Java frames: (J=compiled Java code, j=interpreted, Vv=VM code)
j  jpcap.JpcapCaptor.getPacket()Ljpcap/packet/Packet;+0
J  WoWsetta.wowCapThread.run()V
v  ~OSRAdapter
j  java.lang.Thread.run()V+11
v  ~StubRoutines::call_stub

---------------  P R O C E S S  ---------------

Java Threads: ( => current thread )
=>0x02ebdbb8 JavaThread "Thread-2" [_thread_in_vm, id=2384]
  0x02e97a60 JavaThread "TimerQueue" daemon [_thread_blocked, id=360]
  0x00036e48 JavaThread "DestroyJavaVM" [_thread_blocked, id=832]
  0x02e317c0 JavaThread "AWT-EventQueue-0" [_thread_blocked, id=1204]
  0x00ac9d08 JavaThread "AWT-Windows" daemon [_thread_in_native, id=528]
  0x00ac98b8 JavaThread "AWT-Shutdown" [_thread_blocked, id=3648]
  0x00ac88c0 JavaThread "Java2D Disposer" daemon [_thread_blocked, id=2156]
  0x00a71648 JavaThread "Low Memory Detector" daemon [_thread_blocked, id=1544]
  0x00a70230 JavaThread "CompilerThread0" daemon [_thread_blocked, id=2132]
  0x00a6f530 JavaThread "Signal Dispatcher" daemon [_thread_blocked, id=1060]
  0x0003f398 JavaThread "Finalizer" daemon [_thread_blocked, id=3776]
  0x0003e008 JavaThread "Reference Handler" daemon [_thread_blocked, id=3976]

Other Threads:
  0x00a405d8 VMThread [id=2392]
  0x00a72898 WatcherThread [id=812]

VM state:not at safepoint (normal execution)

VM Mutex/Monitor currently owned by a thread: None

Heap
 def new generation   total 576K, used 495K [0x22a70000, 0x22b10000, 0x22f50000)
  eden space 512K,  88% used [0x22a70000, 0x22ae1538, 0x22af0000)
  from space 64K,  66% used [0x22b00000, 0x22b0a8f8, 0x22b10000)
  to   space 64K,   0% used [0x22af0000, 0x22af0000, 0x22b00000)
 tenured generation   total 1408K, used 459K [0x22f50000, 0x230b0000, 0x26a70000)
   the space 1408K,  32% used [0x22f50000, 0x22fc2f40, 0x22fc3000, 0x230b0000)
 compacting perm gen  total 8192K, used 208K [0x26a70000, 0x27270000, 0x2aa70000)
   the space 8192K,   2% used [0x26a70000, 0x26aa4030, 0x26aa4200, 0x27270000)
    ro space 8192K,  67% used [0x2aa70000, 0x2afce5d8, 0x2afce600, 0x2b270000)
    rw space 12288K,  47% used [0x2b270000, 0x2b8187f0, 0x2b818800, 0x2be70000)

Dynamic libraries:
0x00400000 - 0x0040d000 	C:\Program Files\Java\jdk1.5.0_09\jre\bin\java.exe
0x7c900000 - 0x7c9b0000 	C:\WINDOWS\system32\ntdll.dll
0x7c800000 - 0x7c8f4000 	C:\WINDOWS\system32\kernel32.dll
0x77dd0000 - 0x77e6b000 	C:\WINDOWS\system32\ADVAPI32.dll
0x77e70000 - 0x77f01000 	C:\WINDOWS\system32\RPCRT4.dll
0x77c10000 - 0x77c68000 	C:\WINDOWS\system32\MSVCRT.dll
0x6d730000 - 0x6d8cb000 	C:\Program Files\Java\jdk1.5.0_09\jre\bin\client\jvm.dll
0x77d40000 - 0x77dd0000 	C:\WINDOWS\system32\USER32.dll
0x77f10000 - 0x77f56000 	C:\WINDOWS\system32\GDI32.dll
0x76b40000 - 0x76b6d000 	C:\WINDOWS\system32\WINMM.dll
0x6d2f0000 - 0x6d2f8000 	C:\Program Files\Java\jdk1.5.0_09\jre\bin\hpi.dll
0x76bf0000 - 0x76bfb000 	C:\WINDOWS\system32\PSAPI.DLL
0x6d700000 - 0x6d70c000 	C:\Program Files\Java\jdk1.5.0_09\jre\bin\verify.dll
0x6d370000 - 0x6d38d000 	C:\Program Files\Java\jdk1.5.0_09\jre\bin\java.dll
0x6d720000 - 0x6d72f000 	C:\Program Files\Java\jdk1.5.0_09\jre\bin\zip.dll
0x6d070000 - 0x6d1d9000 	C:\Program Files\Java\jdk1.5.0_09\jre\bin\awt.dll
0x73000000 - 0x73026000 	C:\WINDOWS\system32\WINSPOOL.DRV
0x76390000 - 0x763ad000 	C:\WINDOWS\system32\IMM32.dll
0x774e0000 - 0x7761d000 	C:\WINDOWS\system32\ole32.dll
0x5ad70000 - 0x5ada8000 	C:\WINDOWS\system32\uxtheme.dll
0x73760000 - 0x737a9000 	C:\WINDOWS\system32\ddraw.dll
0x73bc0000 - 0x73bc6000 	C:\WINDOWS\system32\DCIMAN32.dll
0x6d2b0000 - 0x6d2ef000 	C:\Program Files\Java\jdk1.5.0_09\jre\bin\fontmanager.dll
0x10000000 - 0x10005000 	C:\Program Files\ObjectDock\DockShellHook.dll
0x02d70000 - 0x02d77000 	C:\Program Files\Logitech\MouseWare\System\LgWndHk.dll
0x74720000 - 0x7476b000 	C:\WINDOWS\system32\MSCTF.dll
0x02dd0000 - 0x02dfe000 	C:\Program Files\DigitalPersona\Bin\DpOFeedb.dll
0x7c9c0000 - 0x7d351000 	C:\WINDOWS\system32\shell32.dll
0x77f60000 - 0x77fd6000 	C:\WINDOWS\system32\SHLWAPI.dll
0x773d0000 - 0x774d2000 	C:\WINDOWS\WinSxS\x86_Microsoft.Windows.Common-Controls_6595b64144ccf1df_6.0.2600.2180_x-ww_a84f1ff9\comctl32.dll
0x5d090000 - 0x5d127000 	C:\WINDOWS\system32\comctl32.dll
0x6d530000 - 0x6d543000 	C:\Program Files\Java\jdk1.5.0_09\jre\bin\net.dll
0x71ab0000 - 0x71ac7000 	C:\WINDOWS\system32\WS2_32.dll
0x71aa0000 - 0x71aa8000 	C:\WINDOWS\system32\WS2HELP.dll
0x71a50000 - 0x71a8f000 	C:\WINDOWS\system32\mswsock.dll
0x662b0000 - 0x66308000 	C:\WINDOWS\system32\hnetcfg.dll
0x58d40000 - 0x58d47000 	C:\WINDOWS\System32\wship6.dll
0x6d550000 - 0x6d559000 	C:\Program Files\Java\jdk1.5.0_09\jre\bin\nio.dll
0x03070000 - 0x0307b000 	C:\Program Files\Common Files\Logitech\Scrolling\LgMsgHk.dll
0x76080000 - 0x760e5000 	C:\WINDOWS\system32\MSVCP60.dll
0x032b0000 - 0x032d7000 	C:\WINDOWS\system32\Jpcap.dll
0x032e0000 - 0x03321000 	C:\WINDOWS\system32\wpcap.dll
0x03330000 - 0x03345000 	C:\WINDOWS\system32\packet.dll
0x03350000 - 0x03360000 	C:\WINDOWS\system32\WanPacket.dll
0x610f0000 - 0x61101000 	C:\WINDOWS\system32\NPPTools.dll
0x72830000 - 0x7292e000 	C:\WINDOWS\system32\MFC42u.DLL
0x77120000 - 0x771ac000 	C:\WINDOWS\system32\OLEAUT32.dll
0x76d60000 - 0x76d79000 	C:\WINDOWS\system32\iphlpapi.dll
0x77c00000 - 0x77c08000 	C:\WINDOWS\system32\VERSION.dll
0x5a700000 - 0x5a711000 	C:\WINDOWS\system32\npp\ndisnpp.dll
0x76fd0000 - 0x7704f000 	C:\WINDOWS\system32\CLBCATQ.DLL
0x77050000 - 0x77115000 	C:\WINDOWS\system32\COMRes.dll
0x20000000 - 0x202d5000 	C:\WINDOWS\system32\xpsp2res.dll
0x77fe0000 - 0x77ff1000 	C:\WINDOWS\system32\Secur32.dll

VM Arguments:
java_command: WoWsetta.Main
Launcher Type: SUN_STANDARD

Environment Variables:
CLASSPATH=C:\Program Files\Java\jre1.5.0_09\lib\ext\QTJava.zip
PATH=C:\Program Files\Maya7.0\bin;C:\WINDOWS\system32;C:\WINDOWS;C:\WINDOWS\System32\Wbem;C:\Program Files\Common Files\Adobe\AGL;C:\Program Files\QuickTime\QTSystem\;C:\Science\MATLAB\bin\win32;C:\WINDOWS\DPDrv;C:\Program Files\Microsoft Visual Studio\Common\Tools\WinNT;C:\Program Files\Microsoft Visual Studio\Common\MSDev98\Bin;C:\Program Files\Microsoft Visual Studio\Common\Tools;C:\Program Files\Microsoft Visual Studio\VC98\bin
USERNAME=Administrator
OS=Windows_NT
PROCESSOR_IDENTIFIER=x86 Family 6 Model 10 Stepping 0, AuthenticAMD



---------------  S Y S T E M  ---------------

OS: Windows XP Build 2600 Service Pack 2

CPU:total 1 (cores per cpu 1, threads per core 1) family 6 model 10 stepping 0, cmov, cx8, fxsr, mmx, sse, mmxext, 3dnowext, 3dnow

Memory: 4k page, physical 1048048k(416912k free), swap 2521224k(1796924k free)

vm_info: Java HotSpot(TM) Client VM (1.5.0_09-b03) for windows-x86, built on Oct 12 2006 01:20:10 by "java_re" with MS VC++ 6.0

